[0m13:03:32.557823 [debug] [MainThread]: Sending event: {'category': 'dbt', 'action': 'invocation', 'label': 'start', 'context': [<snowplow_tracker.self_describing_json.SelfDescribingJson object at 0x7fee5c30a510>, <snowplow_tracker.self_describing_json.SelfDescribingJson object at 0x7fee5f06ec10>, <snowplow_tracker.self_describing_json.SelfDescribingJson object at 0x7fee5b1bfb10>]}


============================== 13:03:32.589117 | 235095f9-efb8-4ca0-bab1-f91b1d1db05d ==============================
[0m13:03:32.589117 [info ] [MainThread]: Running with dbt=1.11.11
[0m13:03:32.590524 [debug] [MainThread]: running dbt with arguments {'send_anonymous_usage_stats': 'True', 'empty': 'None', 'introspect': 'True', 'version_check': 'True', 'log_path': 'logs', 'fail_fast': 'False', 'warn_error': 'None', 'debug': 'False', 'log_cache_events': 'False', 'partial_parse': 'True', 'cache_selected_only': 'False', 'log_format': 'default', 'quiet': 'False', 'printer_width': '80', 'static_parser': 'True', 'use_colors': 'True', 'write_json': 'True', 'no_print': 'None', 'warn_error_options': 'WarnErrorOptionsV2(error=[], warn=[], silence=[])', 'use_experimental_parser': 'False', 'profiles_dir': '/.dbt', 'target_path': 'None', 'invocation_command': 'dbt init nse_pulse_dbt', 'indirect_selection': 'eager'}
[0m13:03:32.628172 [info ] [MainThread]: Creating dbt configuration folder at /.dbt
[0m13:03:32.629342 [error] [MainThread]: Encountered an error:
[Errno 13] Permission denied: '/.dbt'
[0m13:03:32.638333 [error] [MainThread]: Traceback (most recent call last):
  File "/usr/local/lib/python3.13/site-packages/dbt/cli/requires.py", line 182, in wrapper
    result, success = func(*args, **kwargs)
                      ~~~~^^^^^^^^^^^^^^^^^
  File "/usr/local/lib/python3.13/site-packages/dbt/cli/requires.py", line 128, in wrapper
    return func(*args, **kwargs)
  File "/usr/local/lib/python3.13/site-packages/dbt/cli/main.py", line 488, in init
    results = task.run()
  File "/usr/local/lib/python3.13/site-packages/dbt/task/init.py", line 300, in run
    self.create_profiles_dir(profiles_dir)
    ~~~~~~~~~~~~~~~~~~~~~~~~^^^^^^^^^^^^^^
  File "/usr/local/lib/python3.13/site-packages/dbt/task/init.py", line 69, in create_profiles_dir
    dbt_common.clients.system.make_directory(profiles_dir)
    ~~~~~~~~~~~~~~~~~~~~~~~~~~~~~~~~~~~~~~~~^^^^^^^^^^^^^^
  File "/usr/local/lib/python3.13/functools.py", line 934, in wrapper
    return dispatch(args[0].__class__)(*args, **kw)
           ~~~~~~~~~~~~~~~~~~~~~~~~~~~^^^^^^^^^^^^^
  File "/usr/local/lib/python3.13/site-packages/dbt_common/clients/system.py", line 219, in _
    path.mkdir(parents=True, exist_ok=True)
    ~~~~~~~~~~^^^^^^^^^^^^^^^^^^^^^^^^^^^^^
  File "/usr/local/lib/python3.13/pathlib/_local.py", line 722, in mkdir
    os.mkdir(self, mode)
    ~~~~~~~~^^^^^^^^^^^^
PermissionError: [Errno 13] Permission denied: '/.dbt'

[0m13:03:32.641644 [debug] [MainThread]: Resource report: {"command_name": "init", "command_success": false, "command_wall_clock_time": 0.22133619, "process_in_blocks": "42528", "process_kernel_time": 0.4424, "process_mem_max_rss": "107160", "process_out_blocks": "72", "process_user_time": 3.651342}
[0m13:03:32.642902 [debug] [MainThread]: Command `dbt init` failed at 13:03:32.642585 after 0.22 seconds
[0m13:03:32.643789 [debug] [MainThread]: Sending event: {'category': 'dbt', 'action': 'invocation', 'label': 'end', 'context': [<snowplow_tracker.self_describing_json.SelfDescribingJson object at 0x7fee5b18e9e0>, <snowplow_tracker.self_describing_json.SelfDescribingJson object at 0x7fee5b11c050>, <snowplow_tracker.self_describing_json.SelfDescribingJson object at 0x7fee5b29a8b0>]}
[0m13:03:32.644699 [debug] [MainThread]: Flushing usage events
[0m13:03:34.321469 [debug] [MainThread]: An error was encountered while trying to flush usage events
[0m16:29:59.216844 [debug] [MainThread]: Sending event: {'category': 'dbt', 'action': 'invocation', 'label': 'start', 'context': [<snowplow_tracker.self_describing_json.SelfDescribingJson object at 0x7f384b8a6510>, <snowplow_tracker.self_describing_json.SelfDescribingJson object at 0x7f384e60ac10>, <snowplow_tracker.self_describing_json.SelfDescribingJson object at 0x7f384a75bb10>]}


============================== 16:29:59.222622 | fdc0de4f-f8bf-46ab-8da7-76ae4c93edbc ==============================
[0m16:29:59.222622 [info ] [MainThread]: Running with dbt=1.11.11
[0m16:29:59.222930 [debug] [MainThread]: running dbt with arguments {'log_path': 'logs', 'cache_selected_only': 'False', 'partial_parse': 'True', 'use_experimental_parser': 'False', 'quiet': 'False', 'log_format': 'default', 'use_colors': 'True', 'write_json': 'True', 'no_print': 'None', 'printer_width': '80', 'warn_error': 'None', 'profiles_dir': '/dbt/.dbt', 'invocation_command': 'dbt init NSE_pulse_dbt', 'log_cache_events': 'False', 'send_anonymous_usage_stats': 'True', 'target_path': 'None', 'warn_error_options': 'WarnErrorOptionsV2(error=[], warn=[], silence=[])', 'version_check': 'True', 'empty': 'None', 'fail_fast': 'False', 'indirect_selection': 'eager', 'introspect': 'True', 'debug': 'False', 'static_parser': 'True'}
[0m16:29:59.231898 [info ] [MainThread]: Creating dbt configuration folder at /dbt/.dbt
[0m16:29:59.233210 [debug] [MainThread]: Starter project path: /usr/local/lib/python3.13/site-packages/dbt/include/starter_project
[0m16:29:59.235674 [info ] [MainThread]: 
Your new dbt project "NSE_pulse_dbt" was created!

For more information on how to configure the profiles.yml file,
please consult the dbt documentation here:

  https://docs.getdbt.com/docs/configure-your-profile

One more thing:

Need help? Don't hesitate to reach out to us via GitHub issues or on Slack:

  https://community.getdbt.com/

Happy modeling!

[0m16:29:59.236131 [info ] [MainThread]: Setting up your profile.
[0m16:30:02.747891 [info ] [MainThread]: No sample profile found for clickhouse.
[0m16:30:02.750018 [debug] [MainThread]: Resource report: {"command_name": "init", "command_success": true, "command_wall_clock_time": 3.5740144, "process_in_blocks": "49072", "process_kernel_time": 0.130096, "process_mem_max_rss": "106968", "process_out_blocks": "232", "process_user_time": 1.0958}
[0m16:30:02.750416 [debug] [MainThread]: Command `dbt init` succeeded at 16:30:02.750310 after 3.57 seconds
[0m16:30:02.750681 [debug] [MainThread]: Sending event: {'category': 'dbt', 'action': 'invocation', 'label': 'end', 'context': [<snowplow_tracker.self_describing_json.SelfDescribingJson object at 0x7f384a610510>, <snowplow_tracker.self_describing_json.SelfDescribingJson object at 0x7f384a6bb2f0>, <snowplow_tracker.self_describing_json.SelfDescribingJson object at 0x7f384a6bd6a0>]}
[0m16:30:02.750891 [debug] [MainThread]: Flushing usage events
[0m16:30:05.384747 [debug] [MainThread]: An error was encountered while trying to flush usage events
